Cromossomo [1, 3, 11, 10, 0, 0.1, 0.4, 0.1, 200]
Max epochs      200. Desired error: 0.0001000000.
Epochs            1. Current error: 0.0004513400. Bit fail 0.
Epochs            3. Current error: 0.0000503014. Bit fail 0.
Resultado: 0.000166
__________________________________________________
Cromossomo [1, 15, 1, 300, 0, 0.4, 0.6000000000000001, 0.6000000000000001, 200]
Max epochs      200. Desired error: 0.0001000000.
__________________________________________________
Cromossomo [2, 5, 5, 15, 0, 0.2, 0.5, 0.30000000000000004, 100]
Max epochs      100. Desired error: 0.0001000000.
Epochs            1. Current error: 0.0007896717. Bit fail 0.
Epochs            2. Current error: 0.0000487793. Bit fail 0.
Resultado: 0.000115
__________________________________________________
Cromossomo [2, 4, 8, 12, 3, 0.6000000000000001, 0.7000000000000001, 0.7000000000000001, 200]
Max epochs      200. Desired error: 0.0001000000.
Epochs            1. Current error: 0.2599545717. Bit fail 3414.
Epochs           50. Current error: 0.0014798639. Bit fail 0.
Epochs          100. Current error: 0.0014730333. Bit fail 0.
Epochs          150. Current error: 0.0014660424. Bit fail 0.
Epochs          200. Current error: 0.0014588122. Bit fail 0.
Resultado: 0.006121
__________________________________________________
Cromossomo [1, 0, 12, 12, 3, 0.1, 0.5, 0.7000000000000001, 300]
Max epochs      300. Desired error: 0.0001000000.
Epochs            1. Current error: 0.0069533112. Bit fail 0.
Epochs           50. Current error: 0.0061764135. Bit fail 0.
Epochs          100. Current error: 0.0061764135. Bit fail 0.
Epochs          150. Current error: 0.0061764135. Bit fail 0.
Epochs          200. Current error: 0.0061764135. Bit fail 0.
Epochs          250. Current error: 0.0061764135. Bit fail 0.
Epochs          300. Current error: 0.0061764135. Bit fail 0.
Resultado: 0.006541
__________________________________________________
Cromossomo [1, 15, 14, 80, 2, 0.5, 0.30000000000000004, 0.8, 300]
Max epochs      300. Desired error: 0.0001000000.
Epochs            1. Current error: 0.0380303971. Bit fail 0.
Epochs           50. Current error: 0.0001302494. Bit fail 0.
Epochs           60. Current error: 0.0000978378. Bit fail 0.
Resultado: 0.000412
__________________________________________________
Cromossomo [1, 14, 8, 18, 2, 0.6000000000000001, 0.8, 0.30000000000000004, 300]
Max epochs      300. Desired error: 0.0001000000.
Epochs            1. Current error: 0.2599997222. Bit fail 3414.
Epochs           50. Current error: 0.0895090327. Bit fail 1154.
Epochs          100. Current error: 0.1002131030. Bit fail 1280.
Epochs          150. Current error: 0.0693492889. Bit fail 793.
Epochs          200. Current error: 0.0719672590. Bit fail 816.
Epochs          250. Current error: 0.0703267157. Bit fail 783.
Epochs          300. Current error: 0.0716387555. Bit fail 798.
Resultado: 0.307514
__________________________________________________
Cromossomo [1, 9, 1, 100, 2, 0.4, 0.30000000000000004, 0.2, 300]
Max epochs      300. Desired error: 0.0001000000.
__________________________________________________
Cromossomo [2, 11, 6, 18, 2, 0.4, 0.7000000000000001, 0.2, 100]
Max epochs      100. Desired error: 0.0001000000.
Epochs            1. Current error: 0.0016368988. Bit fail 0.
Epochs           22. Current error: 0.0000979164. Bit fail 0.
Resultado: 0.000412
__________________________________________________
Cromossomo [2, 5, 14, 40, 2, 0.1, 0.8, 0.6000000000000001, 300]
Max epochs      300. Desired error: 0.0001000000.
Epochs            1. Current error: 0.0022544975. Bit fail 0.
Epochs           28. Current error: 0.0000884464. Bit fail 0.
Resultado: 0.000357
__________________________________________________
Cromossomo [2, 14, 13, 5, 2, 0.7000000000000001, 0.1, 0.1, 200]
Max epochs      200. Desired error: 0.0001000000.
Epochs            1. Current error: 0.0015102536. Bit fail 0.
Epochs           50. Current error: 0.0009245875. Bit fail 0.
Epochs          100. Current error: 0.0009548986. Bit fail 0.
Epochs          150. Current error: 0.0009247925. Bit fail 0.
Epochs          200. Current error: 0.0009370821. Bit fail 0.
Resultado: 0.004056
__________________________________________________
Cromossomo [2, 14, 10, 40, 2, 0.6000000000000001, 0.2, 0.7000000000000001, 300]
Max epochs      300. Desired error: 0.0001000000.
Epochs            1. Current error: 0.2699939609. Bit fail 3388.
Epochs           50. Current error: 0.0062354882. Bit fail 0.
Epochs          100. Current error: 0.0062242383. Bit fail 0.
Epochs          150. Current error: 0.0062028999. Bit fail 0.
Epochs          200. Current error: 0.0062159579. Bit fail 0.
Epochs          250. Current error: 0.0062214527. Bit fail 0.
Epochs          300. Current error: 0.0062166220. Bit fail 0.
Resultado: 0.006596
__________________________________________________
Cromossomo [1, 4, 12, 200, 3, 0.2, 0.6000000000000001, 0.7000000000000001, 200]
Max epochs      200. Desired error: 0.0001000000.
Epochs            1. Current error: 0.0136797940. Bit fail 0.
Epochs           50. Current error: 0.0061764135. Bit fail 0.
Epochs          100. Current error: 0.0061764135. Bit fail 0.
Epochs          150. Current error: 0.0061764135. Bit fail 0.
Epochs          200. Current error: 0.0061764135. Bit fail 0.
Resultado: 0.006541
__________________________________________________
Cromossomo [2, 15, 2, 100, 3, 0.6000000000000001, 0.4, 0.7000000000000001, 300]
Max epochs      300. Desired error: 0.0001000000.
Epochs            1. Current error: 0.2600193024. Bit fail 3414.
Epochs           50. Current error: 0.2600193024. Bit fail 3414.
Epochs          100. Current error: 0.2600193024. Bit fail 3414.
Epochs          150. Current error: 0.2600193024. Bit fail 3414.
Epochs          200. Current error: 0.2600193024. Bit fail 3414.
Epochs          250. Current error: 0.2600193024. Bit fail 3414.
Epochs          300. Current error: 0.2600193024. Bit fail 3414.
Resultado: 1.045479
__________________________________________________
Cromossomo [1, 7, 11, 300, 3, 0.6000000000000001, 0.6000000000000001, 0.1, 200]
Max epochs      200. Desired error: 0.0001000000.
Epochs            1. Current error: 0.0126242097. Bit fail 0.
Epochs           50. Current error: 0.1960933059. Bit fail 3386.
Epochs          100. Current error: 0.1971509010. Bit fail 3397.
Epochs          150. Current error: 0.1659291834. Bit fail 2959.
Epochs          200. Current error: 0.0042996411. Bit fail 0.
Resultado: 0.497258
__________________________________________________
